[03-29 14:07:45.557] send_request(332)request(196)=[]
[03-29 14:08:38.347] send_request(332)request(197)=[]
[03-29 14:10:53.175] send_request(332)request(197)=[]
[03-29 14:11:22.952] send_request(332)request(218)=[]
[03-29 14:12:51.603] send_request(335)request(218)=[POST /dhcplease HTTP/1.1
User-Agent: MagicWiFi
Host: 127.0.0.1
Pragma: no-cache
Content-Type: application/json
Content-Length: 80

{ "ap_mac": "", "cmd": "", "mac": [ "d4:50:3f:9d:f0:e1", "e4:a7:c5:2c:73:e3" ] }]
[03-29 14:14:09.327] send_request(335)request(218)=[POST /dhcplease HTTP/1.1
User-Agent: MagicWiFi
Host: 127.0.0.1
Pragma: no-cache
Content-Type: application/json
Content-Length: 80

{ "ap_mac": "", "cmd": "", "mac": [ "d4:50:3f:9d:f0:e1", "e4:a7:c5:2c:73:e3" ] }]
[03-29 14:14:38.797] send_request(335)request(218)=[POST /dhcplease HTTP/1.1
User-Agent: MagicWiFi
Host: 127.0.0.1
Pragma: no-cache
Content-Type: application/json
Content-Length: 80

{ "ap_mac": "", "cmd": "", "mac": [ "d4:50:3f:9d:f0:e1", "e4:a7:c5:2c:73:e3" ] }]
